<?xml version="1.0" encoding="UTF-8"?>
<!-- Generated by org.testng.reporters.JUnitXMLReporter -->
<testsuite ignored="0" hostname="SwaraliN" failures="1" tests="1" name="Test to VerifyETBHLJordan" time="0.007" errors="0" timestamp="2022-08-23T11:35:38 IST">
  <testcase classname="TestScript.TC10VerifyETBHLJordan" name="NTBLeads" time="0.002">
    <failure type="java.io.FileNotFoundException" message="C:\Users\Swarali Narvekar\eclipse-workspace\MasterFramework-master\MasterFramework-master\MasterFramework\TestData\AutomationTestData.xlsx (The system cannot find the file specified)">
      <![CDATA[java.io.FileNotFoundException: C:\Users\Swarali Narvekar\eclipse-workspace\MasterFramework-master\MasterFramework-master\MasterFramework\TestData\AutomationTestData.xlsx (The system cannot find the file specified)
at java.base/java.io.FileInputStream.open0(Native Method)
at java.base/java.io.FileInputStream.open(FileInputStream.java:216)
at java.base/java.io.FileInputStream.<init>(FileInputStream.java:157)
at CommonUtility.ExcelOperation.getRowCount(ExcelOperation.java:41)
at CommonUtility.CommonMethods.isTestRunnable(CommonMethods.java:276)
at TestScript.TC10VerifyETBHLJordan.NTBLeads(TC10VerifyETBHLJordan.java:28)
at java.base/java.util.ArrayList.forEach(ArrayList.java:1511)
... Removed 27 stack frames]]>
    </failure>
  </testcase> <!-- NTBLeads -->
</testsuite> <!-- Test to VerifyETBHLJordan -->
