<?xml version="1.0" encoding="UTF-8"?>
<!-- Generated by org.testng.reporters.JUnitXMLReporter -->
<testsuite ignored="0" hostname="SwaraliN" failures="1" tests="1" name="Test To Verify CRM Login" time="0.233" errors="0" timestamp="2022-08-23T11:35:37 IST">
  <testcase classname="TestScript.TC01VerifyCRMLogin" name="VerifyCRMLogin" time="0.1">
    <failure type="java.io.FileNotFoundException" message="C:\Users\Swarali Narvekar\eclipse-workspace\MasterFramework-master\MasterFramework-master\MasterFramework\TestData\AutomationTestData.xlsx (The system cannot find the file specified)">
      <![CDATA[java.io.FileNotFoundException: C:\Users\Swarali Narvekar\eclipse-workspace\MasterFramework-master\MasterFramework-master\MasterFramework\TestData\AutomationTestData.xlsx (The system cannot find the file specified)
at java.base/java.io.FileInputStream.open0(Native Method)
at java.base/java.io.FileInputStream.open(FileInputStream.java:216)
at java.base/java.io.FileInputStream.<init>(FileInputStream.java:157)
at CommonUtility.ExcelOperation.getRowCount(ExcelOperation.java:41)
at CommonUtility.CommonMethods.isTestRunnable(CommonMethods.java:276)
at TestScript.TC01VerifyCRMLogin.VerifyCRMLogin(TC01VerifyCRMLogin.java:22)
at java.base/java.util.ArrayList.forEach(ArrayList.java:1511)
... Removed 27 stack frames]]>
    </failure>
  </testcase> <!-- VerifyCRMLogin -->
</testsuite> <!-- Test To Verify CRM Login -->
