<?xml version="1.0" encoding="UTF-8"?>
<testng-results ignored="0" total="1" passed="1" failed="0" skipped="0">
  <reporter-output>
  </reporter-output>
  <suite started-at="2022-09-09T15:57:28 IST" name="AutomationTest" finished-at="2022-09-09T15:58:47 IST" duration-ms="78463">
    <groups>
    </groups>
    <test started-at="2022-09-09T15:57:28 IST" name="Test To Verify JLeadDedupe" finished-at="2022-09-09T15:58:47 IST" duration-ms="78463">
      <class name="com.crm.testCases.TC12VerifyJLeadDedupe">
        <test-method signature="VerifyJLeadDedupe()[pri:0, instance:com.crm.testCases.TC12VerifyJLeadDedupe@7cc9ce8]" started-at="2022-09-09T15:57:28 IST" name="VerifyJLeadDedupe" finished-at="2022-09-09T15:58:45 IST" duration-ms="76797" status="PASS">
          <reporter-output>
          </reporter-output>
        </test-method> <!-- VerifyJLeadDedupe -->
      </class> <!-- com.crm.testCases.TC12VerifyJLeadDedupe -->
    </test> <!-- Test To Verify JLeadDedupe -->
  </suite> <!-- AutomationTest -->
</testng-results>
