<?xml version="1.0" encoding="UTF-8"?>
<!-- Generated by org.testng.reporters.JUnitXMLReporter -->
<testsuite ignored="0" hostname="DESKTOP-BREVGEI" failures="0" tests="1" name="Test To Verify JETBLeadDeposits" time="7.458" errors="0" timestamp="2022-09-13T15:48:22 IST">
  <testcase classname="com.crm.testCases.TC08VerifyJETBLeadDeposits" name="VerifyJETBLeadDeposits" time="7.454">
    <skipped/>
  </testcase> <!-- VerifyJETBLeadDeposits -->
</testsuite> <!-- Test To Verify JETBLeadDeposits -->
